namespace/longhorn-system created
secret/basic-auth created
namespace/longhorn-system configured
serviceaccount/longhorn-service-account created
clusterrole.rbac.authorization.k8s.io/longhorn-role created
clusterrolebinding.rbac.authorization.k8s.io/longhorn-bind created
customresourcedefinition.apiextensions.k8s.io/engines.longhorn.io created
customresourcedefinition.apiextensions.k8s.io/replicas.longhorn.io created
customresourcedefinition.apiextensions.k8s.io/settings.longhorn.io created
customresourcedefinition.apiextensions.k8s.io/volumes.longhorn.io created
customresourcedefinition.apiextensions.k8s.io/engineimages.longhorn.io created
customresourcedefinition.apiextensions.k8s.io/nodes.longhorn.io created
customresourcedefinition.apiextensions.k8s.io/instancemanagers.longhorn.io created
customresourcedefinition.apiextensions.k8s.io/sharemanagers.longhorn.io created
customresourcedefinition.apiextensions.k8s.io/backingimages.longhorn.io created
customresourcedefinition.apiextensions.k8s.io/backingimagemanagers.longhorn.io created
configmap/longhorn-default-setting created
podsecuritypolicy.policy/longhorn-psp created
role.rbac.authorization.k8s.io/longhorn-psp-role created
rolebinding.rbac.authorization.k8s.io/longhorn-psp-binding created
configmap/longhorn-storageclass created
daemonset.apps/longhorn-manager created
service/longhorn-backend created
deployment.apps/longhorn-ui created
service/longhorn-frontend created
deployment.apps/longhorn-driver-deployer created
ingress.networking.k8s.io/longhorn-ingress created
configmap/longhorn-storageclass configured
storageclass.storage.k8s.io/longhorn patched
service/longhorn-dashboard exposed
